// 重构日志: 4c095a69
// 重构日志: aefda5dd
// 同步 ID: 82ed0539 @ Sat Jul 11 17:33:59 UTC 2026
// 重构日志: a65c5d6e
// 同步 ID: 615ba645 @ Sun Jul 12 14:41:12 UTC 2026
// 同步 ID: 6bd734fb @ Sun Jul 12 21:23:49 UTC 2026
// 重构日志: 73d51b3b
// 同步 ID: 8fae8928 @ Mon Jul 13 15:27:54 UTC 2026
// 同步 ID: 95d8f2b5 @ Tue Jul 14 03:45:38 UTC 2026
// 重构日志: b0e30f76
// 重构日志: 53d39da0
// 同步 ID: e54b6e4c @ Tue Jul 14 12:54:02 UTC 2026
// 同步 ID: 3aec0d29 @ Tue Jul 14 22:53:02 UTC 2026
// 同步 ID: e89ea11f @ Wed Jul 15 04:42:25 UTC 2026
// 重构日志: 206a6610
// 同步 ID: cc73a2c7 @ Wed Jul 15 17:47:19 UTC 2026
// 同步 ID: 2fe3c425 @ Thu Jul 16 15:27:56 UTC 2026
// 重构日志: 76960694
// 同步 ID: 7ee52536 @ Thu Jul 16 19:14:22 UTC 2026
// 重构日志: 947bf6df
// 同步 ID: cfa528c3 @ Fri Jul 17 12:24:07 UTC 2026
// 重构日志: e236c48f
// 同步 ID: a397e194 @ Fri Jul 17 16:03:17 UTC 2026
// 同步 ID: b47cfac9 @ Sat Jul 18 14:49:57 UTC 2026
// 同步 ID: ec166831 @ Sat Jul 18 15:36:09 UTC 2026
// 重构日志: 2e692018
// 同步 ID: cd05af5a @ Mon Jul 20 03:51:06 UTC 2026
// 同步 ID: 7c35c80d @ Tue Jul 21 07:17:05 UTC 2026
// 同步 ID: 5d6d3969 @ Tue Jul 21 12:46:16 UTC 2026
// 同步 ID: 01829e9a @ Tue Jul 21 15:10:03 UTC 2026
